<?xml version="1.0" encoding="UTF-8"?>
<testng-results skipped="0" failed="1" ignored="0" total="1" passed="0">
  <reporter-output>
    <line>
      <![CDATA[<div "result">I navigate to google homepage (UNDEFINED)</div>]]>
    </line>
    <line>
      <![CDATA[<div "result">I enter a keyword to search (UNDEFINED)</div>]]>
    </line>
    <line>
      <![CDATA[<div "result">I click on the search button (UNDEFINED)</div>]]>
    </line>
    <line>
      <![CDATA[<div "result">I should be able to see the title contains the keyword (UNDEFINED)</div>]]>
    </line>
  </reporter-output>
  <suite name="Default suite" duration-ms="1956" started-at="2018-02-25T18:05:12Z" finished-at="2018-02-25T18:05:14Z">
    <groups>
      <group name="cucumber">
        <method signature="AbstractTestNGCucumberTests.runScenario(cucumber.api.testng.PickleEventWrapper, cucumber.api.testng.CucumberFeatureWrapper)[pri:0, instance:testRunner.RunnerTest@5f341870]" name="runScenario" class="cucumber.api.testng.AbstractTestNGCucumberTests"/>
      </group> <!-- cucumber -->
    </groups>
    <test name="Default test" duration-ms="1956" started-at="2018-02-25T18:05:12Z" finished-at="2018-02-25T18:05:14Z">
      <class name="testRunner.RunnerTest">
        <test-method status="PASS" signature="setUpClass()[pri:0, instance:testRunner.RunnerTest@5f341870]" name="setUpClass" is-config="true" duration-ms="1335" started-at="2018-02-25T18:05:12Z" finished-at="2018-02-25T18:05:13Z">
          <reporter-output>
          </reporter-output>
        </test-method> <!-- setUpClass -->
        <test-method status="FAIL" signature="runScenario(cucumber.api.testng.PickleEventWrapper, cucumber.api.testng.CucumberFeatureWrapper)[pri:0, instance:testRunner.RunnerTest@5f341870]" name="runScenario" duration-ms="142" started-at="2018-02-25T18:05:13Z" description="Runs Cucumber Scenarios" data-provider="scenarios" finished-at="2018-02-25T18:05:13Z">
          <params>
            <param index="0">
              <value>
                <![CDATA["User searches an item on Google if the title matches the keyword"]]>
              </value>
            </param>
            <param index="1">
              <value>
                <![CDATA["This is just a test feature for cucumber"]]>
              </value>
            </param>
          </params>
          <reporter-output>
            <line>
              <![CDATA[<div "result">I navigate to google homepage (UNDEFINED)</div>]]>
            </line>
            <line>
              <![CDATA[<div "result">I enter a keyword to search (UNDEFINED)</div>]]>
            </line>
            <line>
              <![CDATA[<div "result">I click on the search button (UNDEFINED)</div>]]>
            </line>
            <line>
              <![CDATA[<div "result">I should be able to see the title contains the keyword (UNDEFINED)</div>]]>
            </line>
          </reporter-output>
        </test-method> <!-- runScenario -->
        <test-method status="PASS" signature="tearDownClass()[pri:0, instance:testRunner.RunnerTest@5f341870]" name="tearDownClass" is-config="true" duration-ms="236" started-at="2018-02-25T18:05:13Z" finished-at="2018-02-25T18:05:14Z">
          <reporter-output>
          </reporter-output>
        </test-method> <!-- tearDownClass -->
      </class> <!-- testRunner.RunnerTest -->
    </test> <!-- Default test -->
  </suite> <!-- Default suite -->
</testng-results>
